  CollisionSystem.cpp
c:\users\krisr\developer\gamesengineeringassignmenttlx\collisionsystem.cpp(10): warning C4244: 'argument': conversion from 'time_t' to 'unsigned int', possible loss of data
c:\users\krisr\developer\gamesengineeringassignmenttlx\collisionsystem.cpp(175): warning C4018: '<': signed/unsigned mismatch
  Generating Code...
  Compiling...
  Utilities.cpp
c:\users\krisr\developer\gamesengineeringassignmenttlx\utilities.cpp(21): warning C4244: 'return': conversion from '__int64' to 'long', possible loss of data
  GamesEngineeringAssignmentTLX.cpp
c:\users\krisr\developer\gamesengineeringassignmenttlx\gamesengineeringassignmenttlx.cpp(140): warning C4018: '<': signed/unsigned mismatch
  Generating Code...
TL-Engine2015Debug.lib(TL-Engine.obj) : warning LNK4099: PDB 'TL-Engine.pdb' was not found with 'TL-Engine2015Debug.lib(TL-Engine.obj)' or at 'C:\Users\krisr\Developer\GamesEngineeringAssignmentTLX\TL-Engine.pdb'; linking object as if no debug info
TL-Engine2015Debug.lib(Errors.obj) : warning LNK4099: PDB 'Common.pdb' was not found with 'TL-Engine2015Debug.lib(Errors.obj)' or at 'C:\Users\krisr\Developer\GamesEngineeringAssignmentTLX\Common.pdb'; linking object as if no debug info
TL-Engine2015Debug.lib(TLXSprite.obj) : warning LNK4099: PDB '3DEngine.pdb' was not found with 'TL-Engine2015Debug.lib(TLXSprite.obj)' or at 'C:\Users\krisr\Developer\GamesEngineeringAssignmentTLX\3DEngine.pdb'; linking object as if no debug info
TL-Engine2015Debug.lib(TLXSceneNode.obj) : warning LNK4099: PDB '3DEngine.pdb' was not found with 'TL-Engine2015Debug.lib(TLXSceneNode.obj)' or at 'C:\Users\krisr\Developer\GamesEngineeringAssignmentTLX\3DEngine.pdb'; linking object as if no debug info
TL-Engine2015Debug.lib(TLXModelNode.obj) : warning LNK4099: PDB '3DEngine.pdb' was not found with 'TL-Engine2015Debug.lib(TLXModelNode.obj)' or at 'C:\Users\krisr\Developer\GamesEngineeringAssignmentTLX\3DEngine.pdb'; linking object as if no debug info
TL-Engine2015Debug.lib(TLXModel.obj) : warning LNK4099: PDB '3DEngine.pdb' was not found with 'TL-Engine2015Debug.lib(TLXModel.obj)' or at 'C:\Users\krisr\Developer\GamesEngineeringAssignmentTLX\3DEngine.pdb'; linking object as if no debug info
TL-Engine2015Debug.lib(TLXMesh.obj) : warning LNK4099: PDB '3DEngine.pdb' was not found with 'TL-Engine2015Debug.lib(TLXMesh.obj)' or at 'C:\Users\krisr\Developer\GamesEngineeringAssignmentTLX\3DEngine.pdb'; linking object as if no debug info
TL-Engine2015Debug.lib(TLXLight.obj) : warning LNK4099: PDB '3DEngine.pdb' was not found with 'TL-Engine2015Debug.lib(TLXLight.obj)' or at 'C:\Users\krisr\Developer\GamesEngineeringAssignmentTLX\3DEngine.pdb'; linking object as if no debug info
TL-Engine2015Debug.lib(TLXFont.obj) : warning LNK4099: PDB '3DEngine.pdb' was not found with 'TL-Engine2015Debug.lib(TLXFont.obj)' or at 'C:\Users\krisr\Developer\GamesEngineeringAssignmentTLX\3DEngine.pdb'; linking object as if no debug info
TL-Engine2015Debug.lib(TLXEngine.obj) : warning LNK4099: PDB '3DEngine.pdb' was not found with 'TL-Engine2015Debug.lib(TLXEngine.obj)' or at 'C:\Users\krisr\Developer\GamesEngineeringAssignmentTLX\3DEngine.pdb'; linking object as if no debug info
TL-Engine2015Debug.lib(TLXCamera.obj) : warning LNK4099: PDB '3DEngine.pdb' was not found with 'TL-Engine2015Debug.lib(TLXCamera.obj)' or at 'C:\Users\krisr\Developer\GamesEngineeringAssignmentTLX\3DEngine.pdb'; linking object as if no debug info
TL-Engine2015Debug.lib(IrrlichtSceneNode.obj) : warning LNK4099: PDB '3DEngine.pdb' was not found with 'TL-Engine2015Debug.lib(IrrlichtSceneNode.obj)' or at 'C:\Users\krisr\Developer\GamesEngineeringAssignmentTLX\3DEngine.pdb'; linking object as if no debug info
TL-Engine2015Debug.lib(IrrlichtModel.obj) : warning LNK4099: PDB '3DEngine.pdb' was not found with 'TL-Engine2015Debug.lib(IrrlichtModel.obj)' or at 'C:\Users\krisr\Developer\GamesEngineeringAssignmentTLX\3DEngine.pdb'; linking object as if no debug info
TL-Engine2015Debug.lib(IrrlichtMesh.obj) : warning LNK4099: PDB '3DEngine.pdb' was not found with 'TL-Engine2015Debug.lib(IrrlichtMesh.obj)' or at 'C:\Users\krisr\Developer\GamesEngineeringAssignmentTLX\3DEngine.pdb'; linking object as if no debug info
TL-Engine2015Debug.lib(IrrlichtLight.obj) : warning LNK4099: PDB '3DEngine.pdb' was not found with 'TL-Engine2015Debug.lib(IrrlichtLight.obj)' or at 'C:\Users\krisr\Developer\GamesEngineeringAssignmentTLX\3DEngine.pdb'; linking object as if no debug info
TL-Engine2015Debug.lib(IrrlichtInput.obj) : warning LNK4099: PDB '3DEngine.pdb' was not found with 'TL-Engine2015Debug.lib(IrrlichtInput.obj)' or at 'C:\Users\krisr\Developer\GamesEngineeringAssignmentTLX\3DEngine.pdb'; linking object as if no debug info
TL-Engine2015Debug.lib(IrrlichtFont.obj) : warning LNK4099: PDB '3DEngine.pdb' was not found with 'TL-Engine2015Debug.lib(IrrlichtFont.obj)' or at 'C:\Users\krisr\Developer\GamesEngineeringAssignmentTLX\3DEngine.pdb'; linking object as if no debug info
TL-Engine2015Debug.lib(IrrlichtEngine.obj) : warning LNK4099: PDB '3DEngine.pdb' was not found with 'TL-Engine2015Debug.lib(IrrlichtEngine.obj)' or at 'C:\Users\krisr\Developer\GamesEngineeringAssignmentTLX\3DEngine.pdb'; linking object as if no debug info
TL-Engine2015Debug.lib(IrrlichtCamera.obj) : warning LNK4099: PDB '3DEngine.pdb' was not found with 'TL-Engine2015Debug.lib(IrrlichtCamera.obj)' or at 'C:\Users\krisr\Developer\GamesEngineeringAssignmentTLX\3DEngine.pdb'; linking object as if no debug info
  GamesEngineeringAssignmentTLX.vcxproj -> C:\Users\krisr\Developer\GamesEngineeringAssignmentTLX\\GamesEngineeringAssignmentTLXDebug.exe
  GamesEngineeringAssignmentTLX.vcxproj -> C:\Users\krisr\Developer\GamesEngineeringAssignmentTLX\\GamesEngineeringAssignmentTLX.pdb (Full PDB)
